#
# A fatal error has been detected by the Java Runtime Environment:
#
#  EXCEPTION_ACCESS_VIOLATION (0xc0000005) at pc=0x00007ffb6cc16160, pid=7436, tid=0x00000000000007cc
#
# JRE version: Java(TM) SE Runtime Environment (8.0_151-b12) (build 1.8.0_151-b12)
# Java VM: Java HotSpot(TM) 64-Bit Server VM (25.151-b12 mixed mode windows-amd64 compressed oops)
# Problematic frame:
# C  [glfw.dll+0x6160]
#
# Failed to write core dump. Minidumps are not enabled by default on client versions of Windows
#
# If you would like to submit a bug report, please visit:
#   http://bugreport.java.com/bugreport/crash.jsp
# The crash happened outside the Java Virtual Machine in native code.
# See problematic frame for where to report the bug.
#

---------------  T H R E A D  ---------------

Current thread (0x00000000030a2800):  JavaThread "main" [_thread_in_native, id=1996, stack(0x0000000002ee0000,0x0000000002fe0000)]

siginfo: ExceptionCode=0xc0000005, reading address 0x0000000000000000

Registers:
RAX=0x0000000000000000, RBX=0x00000000010dff30, RCX=0x0000000000000000, RDX=0x00007ffb6cc588b8
RSP=0x0000000002fdf4a0, RBP=0x0000000002fdf550, RSI=0x0000000000000108, RDI=0x00000000031a7e70
R8 =0x0000000000000088, R9 =0x0000000000000000, R10=0x00000000031b7f48, R11=0x00000000010e01e8
R12=0x0000000000000000, R13=0x0000000017c13708, R14=0x0000000002fdf588, R15=0x00000000030a2800
RIP=0x00007ffb6cc16160, EFLAGS=0x0000000000010283

Top of Stack: (sp=0x0000000002fdf4a0)
0x0000000002fdf4a0:   00000000010dff30 0000000000000001
0x0000000002fdf4b0:   00000000030a2800 0000000000000010
0x0000000002fdf4c0:   0000000017c13708 00000000031b7f74
0x0000000002fdf4d0:   0000000100000d48 0000000002fdf4d8
0x0000000002fdf4e0:   0000000000000000 0000000002fdf560
0x0000000002fdf4f0:   0000000017c492b0 0000000000000000
0x0000000002fdf500:   0000000017c11108 0000000000000000
0x0000000002fdf510:   0000000002fdf510 0000000000000000
0x0000000002fdf520:   0000000002fdf588 0000000017c492b0
0x0000000002fdf530:   0000000000000000 0000000017c13708
0x0000000002fdf540:   0000000000000000 0000000002fdf570
0x0000000002fdf550:   0000000002fdf5d0 00000000031a835d
0x0000000002fdf560:   00000000d6346240 00000000031b19d8
0x0000000002fdf570:   00000000010dff30 0000000002fdf5f8
0x0000000002fdf580:   00007ffb6cc160f0 0000000000000000
0x0000000002fdf590:   0000000002fdf590 0000000017bf6896 

Instructions: (pc=0x00007ffb6cc16160)
0x00007ffb6cc16140:   9c b9 ff ff 48 8b cb e8 c4 47 00 00 48 8b 0d 65
0x00007ffb6cc16150:   27 04 00 48 8d 15 5e 27 04 00 48 3b cb 74 0f 90
0x00007ffb6cc16160:   48 8b 01 48 8b d1 48 8b c8 48 3b c3 75 f2 48 8b
0x00007ffb6cc16170:   03 48 8b cb 48 89 02 48 83 c4 20 5b e9 f7 17 01 


Register to memory mapping:

RAX=0x0000000000000000 is an unknown value
RBX=0x00000000010dff30 is an unknown value
RCX=0x0000000000000000 is an unknown value
RDX=0x00007ffb6cc588b8 is an unknown value
RSP=0x0000000002fdf4a0 is pointing into the stack for thread: 0x00000000030a2800
RBP=0x0000000002fdf550 is pointing into the stack for thread: 0x00000000030a2800
RSI=0x0000000000000108 is an unknown value
RDI=0x00000000031a7e70 is at code_begin+1040 in an Interpreter codelet
invoke return entry points  [0x00000000031a7a60, 0x00000000031a8440]  2528 bytes
R8 =0x0000000000000088 is an unknown value
R9 =0x0000000000000000 is an unknown value
R10=0x00000000031b7f48 is at code_begin+840 in an Interpreter codelet
method entry point (kind = native)  [0x00000000031b7c00, 0x00000000031b8560]  2400 bytes
R11=0x00000000010e01e8 is an unknown value
R12=0x0000000000000000 is an unknown value
R13={method} {0x0000000017c13710} 'invokePV' '(JJ)V' in 'org/lwjgl/system/JNI'
R14=0x0000000002fdf588 is pointing into the stack for thread: 0x00000000030a2800
R15=0x00000000030a2800 is a thread


Stack: [0x0000000002ee0000,0x0000000002fe0000],  sp=0x0000000002fdf4a0,  free space=1021k
Native frames: (J=compiled Java code, j=interpreted, Vv=VM code, C=native code)
C  [glfw.dll+0x6160]
C  0x00000000031b7f74

Java frames: (J=compiled Java code, j=interpreted, Vv=VM code)
j  org.lwjgl.system.JNI.invokePV(JJ)V+0
j  org.lwjgl.glfw.GLFW.glfwDestroyWindow(J)V+6
j  whg.WraithEngine.Window.destroy()V+19
j  whg.WraithEngine.WindowManager.dispose()V+30
j  whg.WraithEngine.Main.main([Ljava/lang/String;)V+71
v  ~StubRoutines::call_stub

---------------  P R O C E S S  ---------------

Java Threads: ( => current thread )
  0x000000001a0df000 JavaThread "Service Thread" daemon [_thread_blocked, id=6856, stack(0x000000001ac00000,0x000000001ad00000)]
  0x000000001a051800 JavaThread "C1 CompilerThread3" daemon [_thread_blocked, id=19368, stack(0x000000001ab00000,0x000000001ac00000)]
  0x000000001a04e800 JavaThread "C2 CompilerThread2" daemon [_thread_blocked, id=14472, stack(0x000000001aa00000,0x000000001ab00000)]
  0x000000001a041000 JavaThread "C2 CompilerThread1" daemon [_thread_blocked, id=5940, stack(0x000000001a900000,0x000000001aa00000)]
  0x000000001a03e800 JavaThread "C2 CompilerThread0" daemon [_thread_blocked, id=2084, stack(0x000000001a800000,0x000000001a900000)]
  0x000000001a038000 JavaThread "Attach Listener" daemon [_thread_blocked, id=1252, stack(0x000000001a700000,0x000000001a800000)]
  0x000000001814e000 JavaThread "Signal Dispatcher" daemon [_thread_blocked, id=6872, stack(0x000000001a600000,0x000000001a700000)]
  0x0000000003199800 JavaThread "Finalizer" daemon [_thread_blocked, id=18332, stack(0x000000001a410000,0x000000001a510000)]
  0x0000000003196000 JavaThread "Reference Handler" daemon [_thread_blocked, id=16108, stack(0x0000000019f10000,0x000000001a010000)]
=>0x00000000030a2800 JavaThread "main" [_thread_in_native, id=1996, stack(0x0000000002ee0000,0x0000000002fe0000)]

Other Threads:
  0x0000000018139800 VMThread [stack: 0x0000000019e10000,0x0000000019f10000] [id=12616]
  0x000000001a103800 WatcherThread [stack: 0x000000001ad00000,0x000000001ae00000] [id=10556]

VM state:not at safepoint (normal execution)

VM Mutex/Monitor currently owned by a thread: None

Heap:
 PSYoungGen      total 38400K, used 15057K [0x00000000d5d80000, 0x00000000d8800000, 0x0000000100000000)
  eden space 33280K, 45% used [0x00000000d5d80000,0x00000000d6c34780,0x00000000d7e00000)
  from space 5120K, 0% used [0x00000000d8300000,0x00000000d8300000,0x00000000d8800000)
  to   space 5120K, 0% used [0x00000000d7e00000,0x00000000d7e00000,0x00000000d8300000)
 ParOldGen       total 87552K, used 0K [0x0000000081800000, 0x0000000086d80000, 0x00000000d5d80000)
  object space 87552K, 0% used [0x0000000081800000,0x0000000081800000,0x0000000086d80000)
 Metaspace       used 8866K, capacity 9063K, committed 9344K, reserved 1058816K
  class space    used 768K, capacity 842K, committed 896K, reserved 1048576K

Card table byte_map: [0x0000000012560000,0x0000000012960000] byte_map_base: 0x0000000012154000

Marking Bits: (ParMarkBitMap*) 0x0000000073dbd850
 Begin Bits: [0x0000000013410000, 0x00000000153b0000)
 End Bits:   [0x00000000153b0000, 0x0000000017350000)

Polling page: 0x0000000001040000

CodeCache: size=245760Kb used=2817Kb max_used=2817Kb free=242942Kb
 bounds [0x00000000031a0000, 0x0000000003470000, 0x00000000121a0000]
 total_blobs=1507 nmethods=654 adapters=766
 compilation: enabled

Compilation events (10 events):
Event: 3.276 Thread 0x000000001a051800  644       3       sun.reflect.UnsafeQualifiedLongFieldAccessorImpl::<init> (7 bytes)
Event: 3.276 Thread 0x000000001a051800 nmethod 644 0x000000000345ce10 code [0x000000000345cf80, 0x000000000345d188]
Event: 3.276 Thread 0x000000001a051800  645       3       sun.reflect.UnsafeQualifiedFieldAccessorImpl::<init> (11 bytes)
Event: 3.276 Thread 0x000000001a051800 nmethod 645 0x000000000345d250 code [0x000000000345d3c0, 0x000000000345d568]
Event: 3.276 Thread 0x000000001a051800  646       3       sun.reflect.UnsafeQualifiedLongFieldAccessorImpl::getLong (17 bytes)
Event: 3.276 Thread 0x000000001a051800 nmethod 646 0x000000000345d610 code [0x000000000345d7e0, 0x000000000345e258]
Event: 3.277 Thread 0x000000001a051800  642       3       java.lang.reflect.Field::getLong (51 bytes)
Event: 3.277 Thread 0x000000001a051800 nmethod 642 0x000000000345e650 code [0x000000000345e820, 0x000000000345ee48]
Event: 6.626 Thread 0x000000001a051800  654   !   3       sun.misc.URLClassPath$FileLoader::getResource (164 bytes)
Event: 6.627 Thread 0x000000001a051800 nmethod 654 0x000000000345f410 code [0x000000000345f740, 0x0000000003460f88]

GC Heap History (0 events):
No events

Deoptimization events (1 events):
Event: 0.195 Thread 0x00000000030a2800 Uncommon trap: reason=unstable_if action=reinterpret pc=0x000000000334c87c method=java.lang.String.indexOf([CII[CIII)I @ 3

Internal exceptions (10 events):
Event: 0.027 Thread 0x00000000030a2800 Exception <a 'java/lang/NoSuchMethodError': Method sun.misc.Unsafe.prefetchRead(Ljava/lang/Object;J)V name or signature does not match> (0x00000000d5d87f90) thrown at [C:\re\workspace\8-2-build-windows-amd64-cygwin\jdk8u151\9699\hotspot\src\share\vm\prims
Event: 0.107 Thread 0x00000000030a2800 Exception <a 'java/lang/NoSuchMethodError': java.lang.Object.lambda$static$0(Ljava/lang/String;)Ljava/lang/Boolean;> (0x00000000d5f5ecb0) thrown at [C:\re\workspace\8-2-build-windows-amd64-cygwin\jdk8u151\9699\hotspot\src\share\vm\interpreter\linkResolver
Event: 0.117 Thread 0x00000000030a2800 Exception <a 'java/lang/NoSuchFieldError': method resolution failed> (0x00000000d5fd6e18) thrown at [C:\re\workspace\8-2-build-windows-amd64-cygwin\jdk8u151\9699\hotspot\src\share\vm\prims\methodHandles.cpp, line 1146]
Event: 0.118 Thread 0x00000000030a2800 Exception <a 'java/lang/NoSuchFieldError': method resolution failed> (0x00000000d5fe4198) thrown at [C:\re\workspace\8-2-build-windows-amd64-cygwin\jdk8u151\9699\hotspot\src\share\vm\prims\methodHandles.cpp, line 1146]
Event: 0.134 Thread 0x00000000030a2800 Exception <a 'java/security/PrivilegedActionException'> (0x00000000d6074080) thrown at [C:\re\workspace\8-2-build-windows-amd64-cygwin\jdk8u151\9699\hotspot\src\share\vm\prims\jvm.cpp, line 1390]
Event: 0.134 Thread 0x00000000030a2800 Exception <a 'java/security/PrivilegedActionException'> (0x00000000d6074290) thrown at [C:\re\workspace\8-2-build-windows-amd64-cygwin\jdk8u151\9699\hotspot\src\share\vm\prims\jvm.cpp, line 1390]
Event: 0.134 Thread 0x00000000030a2800 Exception <a 'java/security/PrivilegedActionException'> (0x00000000d6077f00) thrown at [C:\re\workspace\8-2-build-windows-amd64-cygwin\jdk8u151\9699\hotspot\src\share\vm\prims\jvm.cpp, line 1390]
Event: 0.134 Thread 0x00000000030a2800 Exception <a 'java/security/PrivilegedActionException'> (0x00000000d6078110) thrown at [C:\re\workspace\8-2-build-windows-amd64-cygwin\jdk8u151\9699\hotspot\src\share\vm\prims\jvm.cpp, line 1390]
Event: 3.065 Thread 0x00000000030a2800 Exception <a 'sun/nio/fs/WindowsException'> (0x00000000d63b48c0) thrown at [C:\re\workspace\8-2-build-windows-amd64-cygwin\jdk8u151\9699\hotspot\src\share\vm\prims\jni.cpp, line 709]
Event: 3.065 Thread 0x00000000030a2800 Exception <a 'sun/nio/fs/WindowsException'> (0x00000000d63b5118) thrown at [C:\re\workspace\8-2-build-windows-amd64-cygwin\jdk8u151\9699\hotspot\src\share\vm\prims\jni.cpp, line 709]

Events (10 events):
Event: 3.271 loading class java/util/stream/Sink$ChainedReference done
Event: 3.271 loading class java/util/stream/ReferencePipeline$2$1 done
Event: 3.272 loading class sun/reflect/UnsafeQualifiedLongFieldAccessorImpl
Event: 3.272 loading class sun/reflect/UnsafeQualifiedFieldAccessorImpl
Event: 3.272 loading class sun/reflect/UnsafeQualifiedFieldAccessorImpl done
Event: 3.272 loading class sun/reflect/UnsafeQualifiedLongFieldAccessorImpl done
Event: 4.102 Executing VM operation: EnableBiasedLocking
Event: 4.102 Executing VM operation: EnableBiasedLocking done
Event: 6.626 loading class org/lwjgl/glfw/Callbacks
Event: 6.626 loading class org/lwjgl/glfw/Callbacks done


Dynamic libraries:
0x00007ff6bfb70000 - 0x00007ff6bfba7000 	C:\Program Files\Java\jre1.8.0_151\bin\javaw.exe
0x00007ffb9a780000 - 0x00007ffb9a961000 	C:\WINDOWS\SYSTEM32\ntdll.dll
0x00007ffb981b0000 - 0x00007ffb98262000 	C:\WINDOWS\System32\KERNEL32.DLL
0x00007ffb96d20000 - 0x00007ffb96f93000 	C:\WINDOWS\System32\KERNELBASE.dll
0x00007ffb98060000 - 0x00007ffb98101000 	C:\WINDOWS\System32\ADVAPI32.dll
0x00007ffb985e0000 - 0x00007ffb9867e000 	C:\WINDOWS\System32\msvcrt.dll
0x00007ffb99e80000 - 0x00007ffb99edb000 	C:\WINDOWS\System32\sechost.dll
0x00007ffb9a210000 - 0x00007ffb9a334000 	C:\WINDOWS\System32\RPCRT4.dll
0x00007ffb98270000 - 0x00007ffb98400000 	C:\WINDOWS\System32\USER32.dll
0x00007ffb96c60000 - 0x00007ffb96c80000 	C:\WINDOWS\System32\win32u.dll
0x00007ffb9a720000 - 0x00007ffb9a748000 	C:\WINDOWS\System32\GDI32.dll
0x00007ffb97970000 - 0x00007ffb97b02000 	C:\WINDOWS\System32\gdi32full.dll
0x00007ffb96c80000 - 0x00007ffb96d1f000 	C:\WINDOWS\System32\msvcp_win.dll
0x00007ffb97b10000 - 0x00007ffb97c0a000 	C:\WINDOWS\System32\ucrtbase.dll
0x00007ffb8f620000 - 0x00007ffb8f889000 	C:\WINDOWS\WinSxS\amd64_microsoft.windows.common-controls_6595b64144ccf1df_6.0.17134.345_none_fb429a5930656358\COMCTL32.dll
0x00007ffb9a3f0000 - 0x00007ffb9a713000 	C:\WINDOWS\System32\combase.dll
0x00007ffb96fa0000 - 0x00007ffb9701a000 	C:\WINDOWS\System32\bcryptPrimitives.dll
0x00007ffb98400000 - 0x00007ffb9842d000 	C:\WINDOWS\System32\IMM32.DLL
0x0000000073240000 - 0x0000000073312000 	C:\Program Files\Java\jre1.8.0_151\bin\msvcr100.dll
0x00000000735a0000 - 0x0000000073e3d000 	C:\Program Files\Java\jre1.8.0_151\bin\server\jvm.dll
0x00007ffb99f40000 - 0x00007ffb99f48000 	C:\WINDOWS\System32\PSAPI.DLL
0x00007ffb91340000 - 0x00007ffb91349000 	C:\WINDOWS\SYSTEM32\WSOCK32.dll
0x00007ffb94d20000 - 0x00007ffb94d43000 	C:\WINDOWS\SYSTEM32\WINMM.dll
0x00007ffb927c0000 - 0x00007ffb927ca000 	C:\WINDOWS\SYSTEM32\VERSION.dll
0x00007ffb99b60000 - 0x00007ffb99bcc000 	C:\WINDOWS\System32\WS2_32.dll
0x00007ffb94cf0000 - 0x00007ffb94d1a000 	C:\WINDOWS\SYSTEM32\WINMMBASE.dll
0x00007ffb97020000 - 0x00007ffb97069000 	C:\WINDOWS\System32\cfgmgr32.dll
0x00000000734b0000 - 0x00000000734bf000 	C:\Program Files\Java\jre1.8.0_151\bin\verify.dll
0x0000000073480000 - 0x00000000734a9000 	C:\Program Files\Java\jre1.8.0_151\bin\java.dll
0x0000000073460000 - 0x0000000073476000 	C:\Program Files\Java\jre1.8.0_151\bin\zip.dll
0x00007ffb98680000 - 0x00007ffb99abf000 	C:\WINDOWS\System32\SHELL32.dll
0x00007ffb9a340000 - 0x00007ffb9a3e9000 	C:\WINDOWS\System32\shcore.dll
0x00007ffb97070000 - 0x00007ffb9777d000 	C:\WINDOWS\System32\windows.storage.dll
0x00007ffb99e20000 - 0x00007ffb99e71000 	C:\WINDOWS\System32\shlwapi.dll
0x00007ffb96a90000 - 0x00007ffb96aa1000 	C:\WINDOWS\System32\kernel.appcore.dll
0x00007ffb96ab0000 - 0x00007ffb96acf000 	C:\WINDOWS\System32\profapi.dll
0x00007ffb96ad0000 - 0x00007ffb96b1c000 	C:\WINDOWS\System32\powrprof.dll
0x00007ffb96b40000 - 0x00007ffb96b4a000 	C:\WINDOWS\System32\FLTLIB.DLL
0x0000000073440000 - 0x000000007345a000 	C:\Program Files\Java\jre1.8.0_151\bin\net.dll
0x00007ffb96310000 - 0x00007ffb96376000 	C:\WINDOWS\system32\mswsock.dll
0x0000000073420000 - 0x0000000073431000 	C:\Program Files\Java\jre1.8.0_151\bin\nio.dll
0x00007ffb6d410000 - 0x00007ffb6d46b000 	C:\Users\TheDudeFromCI\AppData\Local\Temp\lwjglTheDudeFromCI\3.1.6-build-14\lwjgl.dll
0x00007ffb6cc10000 - 0x00007ffb6cc61000 	C:\Users\THEDUD~1\AppData\Local\Temp\lwjglTheDudeFromCI\3.1.6-build-14\glfw.dll
0x00007ffb94ef0000 - 0x00007ffb94f88000 	C:\WINDOWS\system32\uxtheme.dll
0x00007ffb7fa30000 - 0x00007ffb7fa73000 	C:\WINDOWS\SYSTEM32\dinput8.dll
0x00007ffb93090000 - 0x00007ffb930a0000 	C:\WINDOWS\SYSTEM32\xinput1_4.dll
0x00007ffb968a0000 - 0x00007ffb968c7000 	C:\WINDOWS\SYSTEM32\DEVOBJ.dll
0x00007ffb95220000 - 0x00007ffb95249000 	C:\WINDOWS\SYSTEM32\dwmapi.dll
0x00007ffb85a20000 - 0x00007ffb85a99000 	C:\WINDOWS\SYSTEM32\inputhost.dll
0x00007ffb92810000 - 0x00007ffb9295d000 	C:\WINDOWS\SYSTEM32\wintypes.dll
0x00007ffb94af0000 - 0x00007ffb94bca000 	C:\WINDOWS\SYSTEM32\CoreMessaging.dll
0x00007ffb914e0000 - 0x00007ffb917fe000 	C:\WINDOWS\SYSTEM32\CoreUIComponents.dll
0x00007ffb95b80000 - 0x00007ffb95bb1000 	C:\WINDOWS\SYSTEM32\ntmarta.dll
0x00007ffb99ca0000 - 0x00007ffb99e14000 	C:\WINDOWS\System32\MSCTF.dll
0x00007ffb99bd0000 - 0x00007ffb99c92000 	C:\WINDOWS\System32\OLEAUT32.dll
0x00007ffb957c0000 - 0x00007ffb957cc000 	C:\WINDOWS\SYSTEM32\HID.DLL
0x00007ffb97c10000 - 0x00007ffb9805b000 	C:\WINDOWS\System32\SETUPAPI.DLL
0x00007ffb96b50000 - 0x00007ffb96ba7000 	C:\WINDOWS\System32\WINTRUST.dll
0x00007ffb96b20000 - 0x00007ffb96b32000 	C:\WINDOWS\System32\MSASN1.dll
0x00007ffb97780000 - 0x00007ffb97962000 	C:\WINDOWS\System32\CRYPT32.dll
0x00007ffb74930000 - 0x00007ffb74a50000 	C:\WINDOWS\SYSTEM32\opengl32.dll
0x00007ffb75080000 - 0x00007ffb750ac000 	C:\WINDOWS\SYSTEM32\GLU32.dll
0x0000000071040000 - 0x000000007323a000 	C:\WINDOWS\SYSTEM32\nvoglv64.DLL
0x00007ffb934b0000 - 0x00007ffb934c3000 	C:\WINDOWS\SYSTEM32\WTSAPI32.dll
0x00007ffb95bf0000 - 0x00007ffb95c46000 	C:\WINDOWS\SYSTEM32\WINSTA.dll
0x00007ffb95850000 - 0x00007ffb9590b000 	C:\WINDOWS\SYSTEM32\dxgi.dll
0x00007ffb93b10000 - 0x00007ffb93e1b000 	C:\WINDOWS\SYSTEM32\d3d11.dll
0x00007ffb99ac0000 - 0x00007ffb99add000 	C:\WINDOWS\System32\imagehlp.dll
0x00007ffb964d0000 - 0x00007ffb964e7000 	C:\WINDOWS\SYSTEM32\CRYPTSP.dll
0x00007ffb95ef0000 - 0x00007ffb95f23000 	C:\WINDOWS\system32\rsaenh.dll
0x00007ffb965f0000 - 0x00007ffb96615000 	C:\WINDOWS\SYSTEM32\bcrypt.dll
0x00007ffb964c0000 - 0x00007ffb964cb000 	C:\WINDOWS\SYSTEM32\CRYPTBASE.dll
0x00007ffb85850000 - 0x00007ffb858e7000 	C:\WINDOWS\System32\TextInputFramework.dll
0x00007ffb90b70000 - 0x00007ffb90bdb000 	C:\WINDOWS\system32\Oleacc.dll
0x00007ffb6d480000 - 0x00007ffb6d4df000 	C:\Users\TheDudeFromCI\AppData\Local\Temp\lwjglTheDudeFromCI\3.1.6-build-14\lwjgl_opengl.dll
0x00007ffb87740000 - 0x00007ffb87909000 	C:\WINDOWS\SYSTEM32\dbghelp.dll

VM Arguments:
jvm_args: -Dfile.encoding=UTF-8 
java_command: whg.WraithEngine.Main
java_class_path (initial): C:\Program Files\Java\jre1.8.0_151\lib\resources.jar;C:\Program Files\Java\jre1.8.0_151\lib\rt.jar;C:\Program Files\Java\jre1.8.0_151\lib\jsse.jar;C:\Program Files\Java\jre1.8.0_151\lib\jce.jar;C:\Program Files\Java\jre1.8.0_151\lib\charsets.jar;C:\Program Files\Java\jre1.8.0_151\lib\jfr.jar;C:\Program Files\Java\jre1.8.0_151\lib\ext\access-bridge-64.jar;C:\Program Files\Java\jre1.8.0_151\lib\ext\cldrdata.jar;C:\Program Files\Java\jre1.8.0_151\lib\ext\dnsns.jar;C:\Program Files\Java\jre1.8.0_151\lib\ext\jaccess.jar;C:\Program Files\Java\jre1.8.0_151\lib\ext\jfxrt.jar;C:\Program Files\Java\jre1.8.0_151\lib\ext\localedata.jar;C:\Program Files\Java\jre1.8.0_151\lib\ext\nashorn.jar;C:\Program Files\Java\jre1.8.0_151\lib\ext\sunec.jar;C:\Program Files\Java\jre1.8.0_151\lib\ext\sunjce_provider.jar;C:\Program Files\Java\jre1.8.0_151\lib\ext\sunmscapi.jar;C:\Program Files\Java\jre1.8.0_151\lib\ext\sunpkcs11.jar;C:\Program Files\Java\jre1.8.0_151\lib\ext\zipfs.jar;C:\Users\TheDudeFromCI\eclipse-workspace\WraithEngine\target\classes;C:\Users\TheDudeFromCI\.m2\repository\org\lwjgl\lwjgl\3.1.6\lwjgl-3.1.6.jar;C:\Users\TheDudeFromCI\.m2\repository\org\lwjgl\lwjgl-assimp\3.1.6\lwjgl-assimp-3.1.6.jar;C:\Users\TheDudeFromCI\.m2\repository\org\lwjgl\lwjgl-glfw\3.1.6\lwjgl-glfw-3.1.6.jar;C:\Users\TheDudeFromCI\.m2\repository\org\lwjgl\lwjgl-openal\3.1.6\lwjgl-openal-3.1.6.jar;C:\Users\TheDudeFromCI\.m2\repository\org\lwjgl\lwjgl-opengl\3.1.6\lwjgl-opengl-3.1.6.jar;C:\Users\TheDudeFromCI\.m2\repository\org\lwjgl\lwjgl\3.1.6\lwjgl-3.1.6-natives-windows.jar;C:\Users\TheDudeFromCI\.m2\repository\org\lwjgl\lwjgl-assimp\3.1.6\lwjgl-assimp-3.1.6-natives-windows.jar;C:\Users\TheDudeFromCI\.m2\repository\org\lwjgl\lwjgl-glfw\3.1.6\lwjgl-glfw-3.1.6-natives-windows.jar;C:\Users\TheDudeFromCI\.m2\repository\org\lwjgl\lwjgl-openal\3.1.6\lwjgl-openal-3.1.6-natives-windows.jar;C:\Users\TheDudeFromCI\.m2\repository\org\lwjgl\lwjgl-opengl\3.1.6\lwjgl-opengl-3.1.6-natives-
Launcher Type: SUN_STANDARD

Environment Variables:
JAVA_HOME=C:\Program Files\Java\jdk1.8.0_151
PATH=C:/Program Files/Java/jre1.8.0_151/bin/server;C:/Program Files/Java/jre1.8.0_151/bin;C:/Program Files/Java/jre1.8.0_151/lib/amd64;C:\Program Files (x86)\NVIDIA Corporation\PhysX\Common;C:\Program Files (x86)\Python36-32\Scripts\;C:\Program Files (x86)\Python36-32\;C:\ProgramData\Oracle\Java\javapath;C:\WINDOWS\system32;C:\WINDOWS;C:\WINDOWS\System32\Wbem;C:\WINDOWS\System32\WindowsPowerShell\v1.0\;C:\Program Files\Git\cmd;C:\apache-ant-1.10.5\bin;C:\Program Files\Java\jdk1.8.0_151\bin;C:\Program Files\nodejs\;D:\JavaLibs\gradle-4.4\bin;D:\JavaLibs\apache-maven-3.5.2\bin;C:\Program Files (x86)\GtkSharp\2.12\bin;C:\Program Files (x86)\GnuWin32\bin;C:\MinGW\bin;C:\WINDOWS\System32\OpenSSH\;C:\Nuget;C:\Program Files\Microsoft VS Code\bin;C:\ikvm-8.1.5717.0\bin;C:\Program Files\dotnet\;C:\Program Files (x86)\Windows Live\Shared;C:\Users\TheDudeFromCI\AppData\Local\Microsoft\WindowsApps;C:\Users\TheDudeFromCI\AppData\Local\atom\bin;C:\Users\TheDudeFromCI\AppData\Roaming\npm;%USERPROFILE%\AppData\Local\Microsoft\WindowsApps;;C:\WINDOWS\system32;
USERNAME=TheDudeFromCI
OS=Windows_NT
PROCESSOR_IDENTIFIER=Intel64 Family 6 Model 58 Stepping 9, GenuineIntel



---------------  S Y S T E M  ---------------

OS: Windows 10.0 , 64 bit Build 17134 (10.0.17134.1)

CPU:total 8 (initial active 8) (4 cores per cpu, 2 threads per core) family 6 model 58 stepping 9, cmov, cx8, fxsr, mmx, sse, sse2, sse3, ssse3, sse4.1, sse4.2, popcnt, avx, aes, clmul, erms, ht, tsc, tscinvbit, tscinv

Memory: 4k page, physical 8289456k(2606112k free), swap 15891632k(6974676k free)

vm_info: Java HotSpot(TM) 64-Bit Server VM (25.151-b12) for windows-amd64 JRE (1.8.0_151-b12), built on Sep  5 2017 19:33:46 by "java_re" with MS VC++ 10.0 (VS2010)

time: Fri Nov 09 15:19:52 2018
elapsed time: 6 seconds (0d 0h 0m 6s)

