#
# A fatal error has been detected by the Java Runtime Environment:
#
#  EXCEPTION_ACCESS_VIOLATION (0xc0000005) at pc=0x00007fffeb4f16ec, pid=6184, tid=0x0000000000000b7c
#
# JRE version: Java(TM) SE Runtime Environment (8.0_151-b12) (build 1.8.0_151-b12)
# Java VM: Java HotSpot(TM) 64-Bit Server VM (25.151-b12 mixed mode windows-amd64 compressed oops)
# Problematic frame:
# C  [lwjgl_opengl.dll+0x116ec]
#
# Failed to write core dump. Minidumps are not enabled by default on client versions of Windows
#
# If you would like to submit a bug report, please visit:
#   http://bugreport.java.com/bugreport/crash.jsp
# The crash happened outside the Java Virtual Machine in native code.
# See problematic frame for where to report the bug.
#

---------------  T H R E A D  ---------------

Current thread (0x0000000003332800):  JavaThread "main" [_thread_in_native, id=2940, stack(0x0000000003180000,0x0000000003280000)]

siginfo: ExceptionCode=0xc0000005, reading address 0x0000000000004268

Registers:
RAX=0x0000000073af1d50, RBX=0x0000000017f17268, RCX=0x0000000000000000, RDX=0x0000000000000000
RSP=0x000000000327e528, RBP=0x000000000327e5b8, RSI=0x0000000003332800, RDI=0x0000000003437da0
R8 =0x0000000000000280, R9 =0x00000000000001e0, R10=0x0000000000000000, R11=0x000000007357b4d0
R12=0x0000000000000000, R13=0x0000000017f17260, R14=0x000000000327e5f0, R15=0x0000000003332800
RIP=0x00007fffeb4f16ec, EFLAGS=0x0000000000010206

Top of Stack: (sp=0x000000000327e528)
0x000000000327e528:   0000000003447f74 0000000003332800
0x000000000327e538:   0000000003437da0 0000000003437da0
0x000000000327e548:   0000000003447ceb 0000000000000280
0x000000000327e558:   00000000000001e0 0000000003332800
0x000000000327e568:   0000000003332800 0000000003447ca2
0x000000000327e578:   000000000327e578 0000000017f17260
0x000000000327e588:   000000000327e5f0 0000000017f22730
0x000000000327e598:   0000000000000000 0000000017f17268
0x000000000327e5a8:   0000000000000000 000000000327e5d8
0x000000000327e5b8:   000000000327e638 000000000343835d
0x000000000327e5c8:   00000000d64062b8 00000000034419d8
0x000000000327e5d8:   00000000000001e0 0000000000000280
0x000000000327e5e8:   0000000000000000 0000000000000000
0x000000000327e5f8:   000000000327e5f8 0000000017de133c
0x000000000327e608:   000000000327e660 0000000017de14a0
0x000000000327e618:   0000000000000000 0000000017de1378 

Instructions: (pc=0x00007fffeb4f16ec)
0x00007fffeb4f16cc:   cc cc cc cc 40 53 48 8b 01 41 8b d8 44 8b 44 24
0x00007fffeb4f16dc:   30 41 8b d1 44 8b 4c 24 38 8b cb 4c 8b 50 18 5b
0x00007fffeb4f16ec:   49 ff a2 68 42 00 00 cc cc cc cc cc cc cc cc cc
0x00007fffeb4f16fc:   cc cc cc cc 40 53 48 83 ec 50 48 8b 01 41 8b d8 


Register to memory mapping:

RAX=0x0000000073af1d50 is an unknown value
RBX={method} {0x0000000017f17270} 'glViewport' '(IIII)V' in 'org/lwjgl/opengl/GL11'
RCX=0x0000000000000000 is an unknown value
RDX=0x0000000000000000 is an unknown value
RSP=0x000000000327e528 is pointing into the stack for thread: 0x0000000003332800
RBP=0x000000000327e5b8 is pointing into the stack for thread: 0x0000000003332800
RSI=0x0000000003332800 is a thread
RDI=0x0000000003437da0 is at code_begin+832 in an Interpreter codelet
invoke return entry points  [0x0000000003437a60, 0x0000000003438440]  2528 bytes
R8 =0x0000000000000280 is an unknown value
R9 =0x00000000000001e0 is an unknown value
R10=0x0000000000000000 is an unknown value
R11=0x000000007357b4d0 is an unknown value
R12=0x0000000000000000 is an unknown value
R13=0x0000000017f17260 is pointing into metadata
R14=0x000000000327e5f0 is pointing into the stack for thread: 0x0000000003332800
R15=0x0000000003332800 is a thread


Stack: [0x0000000003180000,0x0000000003280000],  sp=0x000000000327e528,  free space=1017k
Native frames: (J=compiled Java code, j=interpreted, Vv=VM code, C=native code)
C  [lwjgl_opengl.dll+0x116ec]
C  0x0000000003447f74

Java frames: (J=compiled Java code, j=interpreted, Vv=VM code)
j  org.lwjgl.opengl.GL11.glViewport(IIII)V+0
j  whg.WraithEngine.rendering.RenderModel.onWindowResized(Lwhg/WraithEngine/Window;II)V+4
j  whg.WraithEngine.Window.lambda$1(JII)V+40
j  whg.WraithEngine.Window$$Lambda$8.invoke(JII)V+8
j  org.lwjgl.glfw.GLFWWindowSizeCallbackI.callback(J)V+13
v  ~StubRoutines::call_stub
j  org.lwjgl.system.JNI.invokePV(JJ)V+0
j  org.lwjgl.glfw.GLFW.glfwShowWindow(J)V+20
j  whg.WraithEngine.Window.build()V+198
j  whg.WraithEngine.rendering.RenderModel.main([Ljava/lang/String;)V+64
v  ~StubRoutines::call_stub

---------------  P R O C E S S  ---------------

Java Threads: ( => current thread )
  0x000000001a37e000 JavaThread "Service Thread" daemon [_thread_blocked, id=14848, stack(0x000000001aea0000,0x000000001afa0000)]
  0x000000001a2f3000 JavaThread "C1 CompilerThread3" daemon [_thread_blocked, id=11884, stack(0x000000001ada0000,0x000000001aea0000)]
  0x000000001a2f2000 JavaThread "C2 CompilerThread2" daemon [_thread_blocked, id=3860, stack(0x000000001aca0000,0x000000001ada0000)]
  0x000000001a2e1800 JavaThread "C2 CompilerThread1" daemon [_thread_blocked, id=3500, stack(0x000000001aba0000,0x000000001aca0000)]
  0x000000001a2dd000 JavaThread "C2 CompilerThread0" daemon [_thread_blocked, id=11168, stack(0x000000001aaa0000,0x000000001aba0000)]
  0x000000001a2d9000 JavaThread "Attach Listener" daemon [_thread_blocked, id=13984, stack(0x000000001a9a0000,0x000000001aaa0000)]
  0x000000001a2d8800 JavaThread "Signal Dispatcher" daemon [_thread_blocked, id=9608, stack(0x000000001a8a0000,0x000000001a9a0000)]
  0x000000001a2d0800 JavaThread "Finalizer" daemon [_thread_blocked, id=2952, stack(0x000000001a6b0000,0x000000001a7b0000)]
  0x0000000003425800 JavaThread "Reference Handler" daemon [_thread_blocked, id=2008, stack(0x000000001a1b0000,0x000000001a2b0000)]
=>0x0000000003332800 JavaThread "main" [_thread_in_native, id=2940, stack(0x0000000003180000,0x0000000003280000)]

Other Threads:
  0x00000000183c9800 VMThread [stack: 0x000000001a0b0000,0x000000001a1b0000] [id=15232]
  0x000000001a3a2800 WatcherThread [stack: 0x000000001afa0000,0x000000001b0a0000] [id=7180]

VM state:not at safepoint (normal execution)

VM Mutex/Monitor currently owned by a thread: None

Heap:
 PSYoungGen      total 38400K, used 7348K [0x00000000d5d80000, 0x00000000d8800000, 0x0000000100000000)
  eden space 33280K, 22% used [0x00000000d5d80000,0x00000000d64ad1c0,0x00000000d7e00000)
  from space 5120K, 0% used [0x00000000d8300000,0x00000000d8300000,0x00000000d8800000)
  to   space 5120K, 0% used [0x00000000d7e00000,0x00000000d7e00000,0x00000000d8300000)
 ParOldGen       total 87552K, used 0K [0x0000000081800000, 0x0000000086d80000, 0x00000000d5d80000)
  object space 87552K, 0% used [0x0000000081800000,0x0000000081800000,0x0000000086d80000)
 Metaspace       used 6029K, capacity 6222K, committed 6400K, reserved 1056768K
  class space    used 649K, capacity 739K, committed 768K, reserved 1048576K

Card table byte_map: [0x00000000127f0000,0x0000000012bf0000] byte_map_base: 0x00000000123e4000

Marking Bits: (ParMarkBitMap*) 0x0000000073b6d850
 Begin Bits: [0x00000000136a0000, 0x0000000015640000)
 End Bits:   [0x0000000015640000, 0x00000000175e0000)

Polling page: 0x0000000000ff0000

CodeCache: size=245760Kb used=2379Kb max_used=2379Kb free=243380Kb
 bounds [0x0000000003430000, 0x00000000036a0000, 0x0000000012430000]
 total_blobs=1231 nmethods=497 adapters=647
 compilation: enabled

Compilation events (10 events):
Event: 1.728 Thread 0x000000001a2f3000  492       3       sun.nio.ch.Util$BufferCache::next (8 bytes)
Event: 1.728 Thread 0x000000001a2f3000 nmethod 492 0x000000000367f4d0 code [0x000000000367f640, 0x000000000367f810]
Event: 1.730 Thread 0x000000001a2f3000  494       3       java.lang.String::concat (47 bytes)
Event: 1.730 Thread 0x000000001a2f3000 nmethod 494 0x000000000367e7d0 code [0x000000000367e9a0, 0x000000000367f158]
Event: 1.730 Thread 0x000000001a2f3000  495       3       java.lang.String::getChars (16 bytes)
Event: 1.730 Thread 0x000000001a2f3000 nmethod 495 0x000000000367e390 code [0x000000000367e500, 0x000000000367e708]
Event: 1.730 Thread 0x000000001a2f3000  496       3       java.lang.String::lastIndexOf (11 bytes)
Event: 1.730 Thread 0x000000001a2f3000 nmethod 496 0x000000000367de10 code [0x000000000367df80, 0x000000000367e208]
Event: 1.730 Thread 0x000000001a2f3000  497       3       java.lang.String::lastIndexOf (25 bytes)
Event: 1.730 Thread 0x000000001a2f3000 nmethod 497 0x0000000003682d50 code [0x0000000003682ec0, 0x0000000003683068]

GC Heap History (0 events):
No events

Deoptimization events (1 events):
Event: 0.231 Thread 0x0000000003332800 Uncommon trap: reason=unstable_if action=reinterpret pc=0x00000000035c302c method=java.lang.String.indexOf([CII[CIII)I @ 3

Internal exceptions (10 events):
Event: 0.030 Thread 0x0000000003332800 Exception <a 'java/lang/NoSuchMethodError': Method sun.misc.Unsafe.prefetchRead(Ljava/lang/Object;J)V name or signature does not match> (0x00000000d5d87f90) thrown at [C:\re\workspace\8-2-build-windows-amd64-cygwin\jdk8u151\9699\hotspot\src\share\vm\prims
Event: 0.125 Thread 0x0000000003332800 Exception <a 'java/lang/NoSuchMethodError': java.lang.Object.lambda$static$0(Ljava/lang/String;)Ljava/lang/Boolean;> (0x00000000d5f76b28) thrown at [C:\re\workspace\8-2-build-windows-amd64-cygwin\jdk8u151\9699\hotspot\src\share\vm\interpreter\linkResolver
Event: 0.138 Thread 0x0000000003332800 Exception <a 'java/lang/NoSuchFieldError': method resolution failed> (0x00000000d5fee920) thrown at [C:\re\workspace\8-2-build-windows-amd64-cygwin\jdk8u151\9699\hotspot\src\share\vm\prims\methodHandles.cpp, line 1146]
Event: 0.139 Thread 0x0000000003332800 Exception <a 'java/lang/NoSuchFieldError': method resolution failed> (0x00000000d5ffbca0) thrown at [C:\re\workspace\8-2-build-windows-amd64-cygwin\jdk8u151\9699\hotspot\src\share\vm\prims\methodHandles.cpp, line 1146]
Event: 0.158 Thread 0x0000000003332800 Exception <a 'java/security/PrivilegedActionException'> (0x00000000d608be30) thrown at [C:\re\workspace\8-2-build-windows-amd64-cygwin\jdk8u151\9699\hotspot\src\share\vm\prims\jvm.cpp, line 1390]
Event: 0.158 Thread 0x0000000003332800 Exception <a 'java/security/PrivilegedActionException'> (0x00000000d608c040) thrown at [C:\re\workspace\8-2-build-windows-amd64-cygwin\jdk8u151\9699\hotspot\src\share\vm\prims\jvm.cpp, line 1390]
Event: 0.158 Thread 0x0000000003332800 Exception <a 'java/security/PrivilegedActionException'> (0x00000000d608fcb0) thrown at [C:\re\workspace\8-2-build-windows-amd64-cygwin\jdk8u151\9699\hotspot\src\share\vm\prims\jvm.cpp, line 1390]
Event: 0.158 Thread 0x0000000003332800 Exception <a 'java/security/PrivilegedActionException'> (0x00000000d608fec0) thrown at [C:\re\workspace\8-2-build-windows-amd64-cygwin\jdk8u151\9699\hotspot\src\share\vm\prims\jvm.cpp, line 1390]
Event: 1.729 Thread 0x0000000003332800 Exception <a 'sun/nio/fs/WindowsException'> (0x00000000d6445098) thrown at [C:\re\workspace\8-2-build-windows-amd64-cygwin\jdk8u151\9699\hotspot\src\share\vm\prims\jni.cpp, line 709]
Event: 1.729 Thread 0x0000000003332800 Exception <a 'sun/nio/fs/WindowsException'> (0x00000000d64458f0) thrown at [C:\re\workspace\8-2-build-windows-amd64-cygwin\jdk8u151\9699\hotspot\src\share\vm\prims\jni.cpp, line 709]

Events (10 events):
Event: 1.729 loading class java/nio/file/NoSuchFileException
Event: 1.729 loading class java/nio/file/FileSystemException
Event: 1.729 loading class java/nio/file/FileSystemException done
Event: 1.729 loading class java/nio/file/NoSuchFileException done
Event: 1.730 loading class org/lwjgl/opengl/GL$1
Event: 1.730 loading class org/lwjgl/opengl/GL$1 done
Event: 1.730 loading class org/lwjgl/opengl/GL$SharedLibraryGL
Event: 1.730 loading class org/lwjgl/opengl/GL$SharedLibraryGL done
Event: 1.730 loading class org/lwjgl/system/SharedLibrary$Delegate
Event: 1.730 loading class org/lwjgl/system/SharedLibrary$Delegate done


Dynamic libraries:
0x00007ff7a51b0000 - 0x00007ff7a51e7000 	C:\Program Files\Java\jre1.8.0_151\bin\javaw.exe
0x00007ff80ba30000 - 0x00007ff80bc11000 	C:\WINDOWS\SYSTEM32\ntdll.dll
0x00007ff80b770000 - 0x00007ff80b822000 	C:\WINDOWS\System32\KERNEL32.DLL
0x00007ff8081a0000 - 0x00007ff808413000 	C:\WINDOWS\System32\KERNELBASE.dll
0x00007ff809660000 - 0x00007ff809701000 	C:\WINDOWS\System32\ADVAPI32.dll
0x00007ff809710000 - 0x00007ff8097ae000 	C:\WINDOWS\System32\msvcrt.dll
0x00007ff80b8a0000 - 0x00007ff80b8fb000 	C:\WINDOWS\System32\sechost.dll
0x00007ff809460000 - 0x00007ff809584000 	C:\WINDOWS\System32\RPCRT4.dll
0x00007ff8092d0000 - 0x00007ff809460000 	C:\WINDOWS\System32\USER32.dll
0x00007ff807e80000 - 0x00007ff807ea0000 	C:\WINDOWS\System32\win32u.dll
0x00007ff809ba0000 - 0x00007ff809bc8000 	C:\WINDOWS\System32\GDI32.dll
0x00007ff808000000 - 0x00007ff808192000 	C:\WINDOWS\System32\gdi32full.dll
0x00007ff808420000 - 0x00007ff8084bf000 	C:\WINDOWS\System32\msvcp_win.dll
0x00007ff807f00000 - 0x00007ff807ffa000 	C:\WINDOWS\System32\ucrtbase.dll
0x00007ffffe7e0000 - 0x00007ffffea49000 	C:\WINDOWS\WinSxS\amd64_microsoft.windows.common-controls_6595b64144ccf1df_6.0.17134.345_none_fb429a5930656358\COMCTL32.dll
0x00007ff8097b0000 - 0x00007ff809ad3000 	C:\WINDOWS\System32\combase.dll
0x00007ff807e00000 - 0x00007ff807e7a000 	C:\WINDOWS\System32\bcryptPrimitives.dll
0x00007ff80b290000 - 0x00007ff80b2bd000 	C:\WINDOWS\System32\IMM32.DLL
0x00000000730a0000 - 0x0000000073172000 	C:\Program Files\Java\jre1.8.0_151\bin\msvcr100.dll
0x0000000073350000 - 0x0000000073bed000 	C:\Program Files\Java\jre1.8.0_151\bin\server\jvm.dll
0x00007ff80b980000 - 0x00007ff80b988000 	C:\WINDOWS\System32\PSAPI.DLL
0x00007ff805eb0000 - 0x00007ff805ed3000 	C:\WINDOWS\SYSTEM32\WINMM.dll
0x00007ff801620000 - 0x00007ff801629000 	C:\WINDOWS\SYSTEM32\WSOCK32.dll
0x00007ff803a50000 - 0x00007ff803a5a000 	C:\WINDOWS\SYSTEM32\VERSION.dll
0x00007ff80b830000 - 0x00007ff80b89c000 	C:\WINDOWS\System32\WS2_32.dll
0x00007ff805e80000 - 0x00007ff805eaa000 	C:\WINDOWS\SYSTEM32\winmmbase.dll
0x00007ff808bd0000 - 0x00007ff808c19000 	C:\WINDOWS\System32\cfgmgr32.dll
0x0000000073260000 - 0x000000007326f000 	C:\Program Files\Java\jre1.8.0_151\bin\verify.dll
0x0000000073230000 - 0x0000000073259000 	C:\Program Files\Java\jre1.8.0_151\bin\java.dll
0x0000000073210000 - 0x0000000073226000 	C:\Program Files\Java\jre1.8.0_151\bin\zip.dll
0x00007ff809d40000 - 0x00007ff80b17f000 	C:\WINDOWS\System32\SHELL32.dll
0x00007ff80b180000 - 0x00007ff80b229000 	C:\WINDOWS\System32\shcore.dll
0x00007ff8084c0000 - 0x00007ff808bcd000 	C:\WINDOWS\System32\windows.storage.dll
0x00007ff80b230000 - 0x00007ff80b281000 	C:\WINDOWS\System32\shlwapi.dll
0x00007ff807dc0000 - 0x00007ff807dd1000 	C:\WINDOWS\System32\kernel.appcore.dll
0x00007ff807de0000 - 0x00007ff807dff000 	C:\WINDOWS\System32\profapi.dll
0x00007ff807d40000 - 0x00007ff807d8c000 	C:\WINDOWS\System32\powrprof.dll
0x00007ff807db0000 - 0x00007ff807dba000 	C:\WINDOWS\System32\FLTLIB.DLL
0x00000000731f0000 - 0x000000007320a000 	C:\Program Files\Java\jre1.8.0_151\bin\net.dll
0x00007ff8075c0000 - 0x00007ff807626000 	C:\WINDOWS\system32\mswsock.dll
0x00000000731d0000 - 0x00000000731e1000 	C:\Program Files\Java\jre1.8.0_151\bin\nio.dll
0x00007fffee7c0000 - 0x00007fffee81b000 	C:\Users\TheDudeFromCI\AppData\Local\Temp\lwjglTheDudeFromCI\3.1.6-build-14\lwjgl.dll
0x00007fffebed0000 - 0x00007fffebf21000 	C:\Users\THEDUD~1\AppData\Local\Temp\lwjglTheDudeFromCI\3.1.6-build-14\glfw.dll
0x00007ff8061a0000 - 0x00007ff806238000 	C:\WINDOWS\system32\uxtheme.dll
0x00007fffeb880000 - 0x00007fffeb8c3000 	C:\WINDOWS\SYSTEM32\dinput8.dll
0x00007ff8059a0000 - 0x00007ff8059b0000 	C:\WINDOWS\SYSTEM32\xinput1_4.dll
0x00007ff807b50000 - 0x00007ff807b77000 	C:\WINDOWS\SYSTEM32\DEVOBJ.dll
0x00007ffff1ce0000 - 0x00007ffff1d59000 	C:\WINDOWS\SYSTEM32\inputhost.dll
0x00007ff805da0000 - 0x00007ff805e7a000 	C:\WINDOWS\SYSTEM32\CoreMessaging.dll
0x00007ff803b20000 - 0x00007ff803c6d000 	C:\WINDOWS\SYSTEM32\wintypes.dll
0x00007ff803110000 - 0x00007ff80342e000 	C:\WINDOWS\SYSTEM32\CoreUIComponents.dll
0x00007ff806f40000 - 0x00007ff806f71000 	C:\WINDOWS\SYSTEM32\ntmarta.dll
0x00007ff8064d0000 - 0x00007ff8064f9000 	C:\WINDOWS\SYSTEM32\dwmapi.dll
0x00007ff808ec0000 - 0x00007ff809034000 	C:\WINDOWS\System32\MSCTF.dll
0x00007ff809590000 - 0x00007ff809652000 	C:\WINDOWS\System32\OLEAUT32.dll
0x00007ff806a70000 - 0x00007ff806a7c000 	C:\WINDOWS\SYSTEM32\HID.DLL
0x00007ff80b2c0000 - 0x00007ff80b70b000 	C:\WINDOWS\System32\SETUPAPI.DLL
0x00007ff807ea0000 - 0x00007ff807ef7000 	C:\WINDOWS\System32\WINTRUST.dll
0x00007ff807d90000 - 0x00007ff807da2000 	C:\WINDOWS\System32\MSASN1.dll
0x00007ff808cd0000 - 0x00007ff808eb2000 	C:\WINDOWS\System32\CRYPT32.dll
0x00007fffecea0000 - 0x00007fffecfc0000 	C:\WINDOWS\SYSTEM32\opengl32.dll
0x00007fffece30000 - 0x00007fffece5c000 	C:\WINDOWS\SYSTEM32\GLU32.dll
0x0000000070ac0000 - 0x00000000730a0000 	C:\WINDOWS\System32\DriverStore\FileRepository\nvdmwi.inf_amd64_9c7c6641c577ccf7\nvoglv64.dll
0x00007ff809bd0000 - 0x00007ff809d21000 	C:\WINDOWS\System32\ole32.dll
0x00007ff804760000 - 0x00007ff804773000 	C:\WINDOWS\SYSTEM32\WTSAPI32.dll
0x00007ff806e90000 - 0x00007ff806ee6000 	C:\WINDOWS\SYSTEM32\WINSTA.dll
0x00007ff806b00000 - 0x00007ff806bbb000 	C:\WINDOWS\system32\dxgi.dll
0x00007ff804e80000 - 0x00007ff80518b000 	C:\WINDOWS\system32\d3d11.dll
0x00007fffd9ac0000 - 0x00007fffd9bac000 	C:\WINDOWS\System32\DriverStore\FileRepository\nvdmwi.inf_amd64_9c7c6641c577ccf7\nvldumdx.dll
0x00007ff809ae0000 - 0x00007ff809afd000 	C:\WINDOWS\System32\imagehlp.dll
0x00007ff807780000 - 0x00007ff807797000 	C:\WINDOWS\SYSTEM32\CRYPTSP.dll
0x00007ff8071a0000 - 0x00007ff8071d3000 	C:\WINDOWS\system32\rsaenh.dll
0x00007ff8078a0000 - 0x00007ff8078c5000 	C:\WINDOWS\SYSTEM32\bcrypt.dll
0x00007ff807770000 - 0x00007ff80777b000 	C:\WINDOWS\SYSTEM32\CRYPTBASE.dll
0x00007fffc1470000 - 0x00007fffc3920000 	C:\WINDOWS\System32\DriverStore\FileRepository\nvdmwi.inf_amd64_9c7c6641c577ccf7\nvwgf2umx.dll
0x00007fffff860000 - 0x00007fffffd45000 	C:\WINDOWS\system32\nvapi64.dll
0x00007fffeb4e0000 - 0x00007fffeb53f000 	C:\Users\TheDudeFromCI\AppData\Local\Temp\lwjglTheDudeFromCI\3.1.6-build-14\lwjgl_opengl.dll
0x00007ffff27c0000 - 0x00007ffff2989000 	C:\WINDOWS\SYSTEM32\dbghelp.dll

VM Arguments:
jvm_args: -Dfile.encoding=UTF-8 
java_command: whg.WraithEngine.rendering.RenderModel
java_class_path (initial): C:\Program Files\Java\jre1.8.0_151\lib\resources.jar;C:\Program Files\Java\jre1.8.0_151\lib\rt.jar;C:\Program Files\Java\jre1.8.0_151\lib\jsse.jar;C:\Program Files\Java\jre1.8.0_151\lib\jce.jar;C:\Program Files\Java\jre1.8.0_151\lib\charsets.jar;C:\Program Files\Java\jre1.8.0_151\lib\jfr.jar;C:\Program Files\Java\jre1.8.0_151\lib\ext\access-bridge-64.jar;C:\Program Files\Java\jre1.8.0_151\lib\ext\cldrdata.jar;C:\Program Files\Java\jre1.8.0_151\lib\ext\dnsns.jar;C:\Program Files\Java\jre1.8.0_151\lib\ext\jaccess.jar;C:\Program Files\Java\jre1.8.0_151\lib\ext\jfxrt.jar;C:\Program Files\Java\jre1.8.0_151\lib\ext\localedata.jar;C:\Program Files\Java\jre1.8.0_151\lib\ext\nashorn.jar;C:\Program Files\Java\jre1.8.0_151\lib\ext\sunec.jar;C:\Program Files\Java\jre1.8.0_151\lib\ext\sunjce_provider.jar;C:\Program Files\Java\jre1.8.0_151\lib\ext\sunmscapi.jar;C:\Program Files\Java\jre1.8.0_151\lib\ext\sunpkcs11.jar;C:\Program Files\Java\jre1.8.0_151\lib\ext\zipfs.jar;C:\Users\TheDudeFromCI\eclipse-workspace\WraithEngine\target\test-classes;C:\Users\TheDudeFromCI\eclipse-workspace\WraithEngine\target\classes;C:\Users\TheDudeFromCI\.m2\repository\junit\junit\3.8.1\junit-3.8.1.jar;C:\Users\TheDudeFromCI\.m2\repository\org\lwjgl\lwjgl\3.1.6\lwjgl-3.1.6.jar;C:\Users\TheDudeFromCI\.m2\repository\org\lwjgl\lwjgl-assimp\3.1.6\lwjgl-assimp-3.1.6.jar;C:\Users\TheDudeFromCI\.m2\repository\org\lwjgl\lwjgl-glfw\3.1.6\lwjgl-glfw-3.1.6.jar;C:\Users\TheDudeFromCI\.m2\repository\org\lwjgl\lwjgl-openal\3.1.6\lwjgl-openal-3.1.6.jar;C:\Users\TheDudeFromCI\.m2\repository\org\lwjgl\lwjgl-opengl\3.1.6\lwjgl-opengl-3.1.6.jar;C:\Users\TheDudeFromCI\.m2\repository\org\lwjgl\lwjgl\3.1.6\lwjgl-3.1.6-natives-windows.jar;C:\Users\TheDudeFromCI\.m2\repository\org\lwjgl\lwjgl-assimp\3.1.6\lwjgl-assimp-3.1.6-natives-windows.jar;C:\Users\TheDudeFromCI\.m2\repository\org\lwjgl\lwjgl-glfw\3.1.6\lwjgl-glfw-3.1.6-natives-windows.jar;C:\Users\TheDudeFromCI\.m2\repository\org\lwjgl\lwjgl-
Launcher Type: SUN_STANDARD

Environment Variables:
JAVA_HOME=C:\Program Files\Java\jdk1.8.0_151
PATH=C:/Program Files/Java/jre1.8.0_151/bin/server;C:/Program Files/Java/jre1.8.0_151/bin;C:/Program Files/Java/jre1.8.0_151/lib/amd64;C:\Program Files (x86)\NVIDIA Corporation\PhysX\Common;C:\Program Files (x86)\Python36-32\Scripts\;C:\Program Files (x86)\Python36-32\;C:\ProgramData\Oracle\Java\javapath;C:\WINDOWS\system32;C:\WINDOWS;C:\WINDOWS\System32\Wbem;C:\WINDOWS\System32\WindowsPowerShell\v1.0\;C:\Program Files\Git\cmd;C:\apache-ant-1.10.5\bin;C:\Program Files\Java\jdk1.8.0_151\bin;C:\Program Files\nodejs\;D:\JavaLibs\gradle-4.4\bin;D:\JavaLibs\apache-maven-3.5.2\bin;C:\Program Files (x86)\GtkSharp\2.12\bin;C:\Program Files (x86)\GnuWin32\bin;C:\MinGW\bin;C:\WINDOWS\System32\OpenSSH\;C:\Nuget;C:\Program Files\Microsoft VS Code\bin;C:\ikvm-8.1.5717.0\bin;C:\Program Files\dotnet\;C:\Program Files (x86)\Windows Live\Shared;C:\Users\TheDudeFromCI\AppData\Local\Microsoft\WindowsApps;C:\Users\TheDudeFromCI\AppData\Local\atom\bin;C:\Users\TheDudeFromCI\AppData\Roaming\npm;%USERPROFILE%\AppData\Local\Microsoft\WindowsApps;;C:\WINDOWS\system32;
USERNAME=TheDudeFromCI
OS=Windows_NT
PROCESSOR_IDENTIFIER=Intel64 Family 6 Model 58 Stepping 9, GenuineIntel



---------------  S Y S T E M  ---------------

OS: Windows 10.0 , 64 bit Build 17134 (10.0.17134.1)

CPU:total 8 (initial active 8) (4 cores per cpu, 2 threads per core) family 6 model 58 stepping 9, cmov, cx8, fxsr, mmx, sse, sse2, sse3, ssse3, sse4.1, sse4.2, popcnt, avx, aes, clmul, erms, ht, tsc, tscinvbit, tscinv

Memory: 4k page, physical 8289456k(2810924k free), swap 15367344k(7290544k free)

vm_info: Java HotSpot(TM) 64-Bit Server VM (25.151-b12) for windows-amd64 JRE (1.8.0_151-b12), built on Sep  5 2017 19:33:46 by "java_re" with MS VC++ 10.0 (VS2010)

time: Mon Nov 12 12:02:40 2018
elapsed time: 1 seconds (0d 0h 0m 1s)

